<?xml version="1.0" encoding="UTF-8" ?>
<testsuite tests="4" failures="0" name="io.cucumber.mariana.RunCucumberTest" time="0.841" errors="0" skipped="4">
  <properties>
[...]
</properties>
  <testcase classname="Preencher o formulario no site SampleApp Tricentis" name="Preencher Enter Vehicle Data" time="0.763">
    <skipped/>
    <system-out>
Cenario: Preencher Enter Vehicle Data                               &amp;#27;[90m# io/cucumber/mariana/cenariosPreencher.feature:7&amp;#27;[0m
  &amp;#27;[33mQuando &amp;#27;[0m&amp;#27;[33mestou no site &quot;http://sampleapp.tricentis.com/101/app.php&quot;&amp;#27;[0m &amp;#27;[90m# null&amp;#27;[0m
  &amp;#27;[33mE &amp;#27;[0m&amp;#27;[33mclico em uma opcao em Make&amp;#27;[0m                                      &amp;#27;[90m# null&amp;#27;[0m
  &amp;#27;[33mE &amp;#27;[0m&amp;#27;[33mdigito no campo Engine Performance&amp;#27;[0m                              &amp;#27;[90m# null&amp;#27;[0m
  &amp;#27;[33mE &amp;#27;[0m&amp;#27;[33mescolho Date of Manufacture&amp;#27;[0m                                     &amp;#27;[90m# null&amp;#27;[0m
  &amp;#27;[33mE &amp;#27;[0m&amp;#27;[33mseleciono Number of Seats&amp;#27;[0m                                       &amp;#27;[90m# null&amp;#27;[0m
  &amp;#27;[33mE &amp;#27;[0m&amp;#27;[33mseleciono Fuel Type&amp;#27;[0m                                             &amp;#27;[90m# null&amp;#27;[0m
  &amp;#27;[33mE &amp;#27;[0m&amp;#27;[33mdigito no campo List Price&amp;#27;[0m                                      &amp;#27;[90m# null&amp;#27;[0m
  &amp;#27;[33mE &amp;#27;[0m&amp;#27;[33mdigito no campo License Plate Number&amp;#27;[0m                            &amp;#27;[90m# null&amp;#27;[0m
  &amp;#27;[33mE &amp;#27;[0m&amp;#27;[33mdigito no campo Annual Mileage&amp;#27;[0m                                  &amp;#27;[90m# null&amp;#27;[0m
  &amp;#27;[33mEntao &amp;#27;[0m&amp;#27;[33mclico no botao &quot;Next&quot;&amp;#27;[0m                                       &amp;#27;[90m# null&amp;#27;[0m
</system-out>
    <system-err>abr 01, 2021 8:18:32 AM io.cucumber.junit.Cucumber &lt;init&gt;
ADVERTÊNCIA: By default Cucumber is running in --non-strict mode.
This default will change to --strict and --non-strict will be removed.
You can use --strict or @CucumberOptions(strict = true) to suppress this warning
</system-err>
  </testcase>
  <testcase classname="Preencher o formulario no site SampleApp Tricentis" name="Preencher Enter Insurant Data" time="0.05">
    <skipped/>
    <system-out>
Cenario: Preencher Enter Insurant Data &amp;#27;[90m# io/cucumber/mariana/cenariosPreencher.feature:20&amp;#27;[0m
  &amp;#27;[33mDado &amp;#27;[0m&amp;#27;[33mque digito no campo First Name&amp;#27;[0m  &amp;#27;[90m# null&amp;#27;[0m
  &amp;#27;[33mE &amp;#27;[0m&amp;#27;[33mdigito no campo Last Name&amp;#27;[0m          &amp;#27;[90m# null&amp;#27;[0m
  &amp;#27;[33mE &amp;#27;[0m&amp;#27;[33mescolho Date of Birth&amp;#27;[0m              &amp;#27;[90m# null&amp;#27;[0m
  &amp;#27;[33mE &amp;#27;[0m&amp;#27;[33mclico na opcao de Gender&amp;#27;[0m           &amp;#27;[90m# null&amp;#27;[0m
  &amp;#27;[33mE &amp;#27;[0m&amp;#27;[33mdigito no campo Street Adress&amp;#27;[0m      &amp;#27;[90m# null&amp;#27;[0m
  &amp;#27;[33mE &amp;#27;[0m&amp;#27;[33mescolho Country&amp;#27;[0m                    &amp;#27;[90m# null&amp;#27;[0m
  &amp;#27;[33mE &amp;#27;[0m&amp;#27;[33mdigito no campo Zip Code&amp;#27;[0m           &amp;#27;[90m# null&amp;#27;[0m
  &amp;#27;[33mE &amp;#27;[0m&amp;#27;[33mdigito no campo City&amp;#27;[0m               &amp;#27;[90m# null&amp;#27;[0m
  &amp;#27;[33mE &amp;#27;[0m&amp;#27;[33mescolho Occupation&amp;#27;[0m                 &amp;#27;[90m# null&amp;#27;[0m
  &amp;#27;[33mE &amp;#27;[0m&amp;#27;[33mescolho Hobbies&amp;#27;[0m                    &amp;#27;[90m# null&amp;#27;[0m
  &amp;#27;[33mE &amp;#27;[0m&amp;#27;[33mdigito o Website&amp;#27;[0m                   &amp;#27;[90m# null&amp;#27;[0m
  &amp;#27;[33mEntao &amp;#27;[0m&amp;#27;[33mclico no próximo botao &quot;Next&quot;&amp;#27;[0m  &amp;#27;[90m# null&amp;#27;[0m
</system-out>
  </testcase>
  <testcase classname="Preencher o formulario no site SampleApp Tricentis" name="Preencher Enter Product Data" time="0.014">
    <skipped/>
    <system-out>
Cenario: Preencher Enter Product Data            &amp;#27;[90m# io/cucumber/mariana/cenariosPreencher.feature:35&amp;#27;[0m
  &amp;#27;[33mQuando &amp;#27;[0m&amp;#27;[33mseleciono uma data  no campo Start Date&amp;#27;[0m &amp;#27;[90m# null&amp;#27;[0m
  &amp;#27;[33mE &amp;#27;[0m&amp;#27;[33mseleciono um valor em Insurance Sum&amp;#27;[0m          &amp;#27;[90m# null&amp;#27;[0m
  &amp;#27;[33mE &amp;#27;[0m&amp;#27;[33mescolho no campo Merit Rating&amp;#27;[0m                &amp;#27;[90m# null&amp;#27;[0m
  &amp;#27;[33mE &amp;#27;[0m&amp;#27;[33mescolho no campo Damage Insurance&amp;#27;[0m            &amp;#27;[90m# null&amp;#27;[0m
  &amp;#27;[33mE &amp;#27;[0m&amp;#27;[33mseleciono uma opcao em Optional Products&amp;#27;[0m     &amp;#27;[90m# null&amp;#27;[0m
  &amp;#27;[33mE &amp;#27;[0m&amp;#27;[33mseleciono uma opcao em Courtesy Car&amp;#27;[0m          &amp;#27;[90m# null&amp;#27;[0m
  &amp;#27;[33mEntao &amp;#27;[0m&amp;#27;[33mclico em &quot;Next&quot;&amp;#27;[0m                          &amp;#27;[90m# null&amp;#27;[0m
</system-out>
  </testcase>
  <testcase classname="Preencher o formulario no site SampleApp Tricentis" name="Escolher tipo de Select Price Option" time="0.014">
    <skipped/>
    <system-out>
Cenario: Escolher tipo de Select Price Option &amp;#27;[90m# io/cucumber/mariana/cenariosPreencher.feature:44&amp;#27;[0m
  &amp;#27;[33mQuando &amp;#27;[0m&amp;#27;[33mescolho um preco&amp;#27;[0m                     &amp;#27;[90m# null&amp;#27;[0m
  &amp;#27;[33mEntao &amp;#27;[0m&amp;#27;[33mclico no botao seguinte &quot;Next&quot;&amp;#27;[0m        &amp;#27;[90m# null&amp;#27;[0m
</system-out>
  </testcase>
</testsuite>